<?xml version="1.0" encoding="UTF-8"?>
<!-- Generated by org.testng.reporters.JUnitReportReporter -->
<testsuite hostname="BLPP-9377" failures="0" tests="2" name="MahmoudLearning.tests.ErrorValidationsTest" time="12.357" errors="0" timestamp="2023-03-25T23:52:46 WET" skipped="0">
  <testcase classname="MahmoudLearning.tests.ErrorValidationsTest" name="loginErrorValidation" time="4.360"/>
  <system-out/>
  <testcase classname="MahmoudLearning.tests.ErrorValidationsTest" name="productErrorValidation" time="7.997"/>
  <system-out/>
</testsuite> <!-- MahmoudLearning.tests.ErrorValidationsTest -->
