<?xml version="1.0" encoding="UTF-8"?>
<!-- Generated by org.testng.reporters.JUnitReportReporter -->
<testsuite hostname="BLPP-9377" failures="0" tests="1" name="cucumber.TestNGTestRunner" time="8.631" errors="0" timestamp="2023-03-27T09:24:06 WET" skipped="0">
  <testcase classname="cucumber.TestNGTestRunner" name="runScenario" time="8.631"/>
  <system-out/>
</testsuite> <!-- cucumber.TestNGTestRunner -->
