<?xml version="1.0" encoding="UTF-8"?>
<!-- Generated by org.testng.reporters.JUnitReportReporter -->
<testsuite hostname="BLPP-9377" failures="0" tests="3" name="MahmoudLearning.tests.SubmitOrderTest" time="20.094" errors="0" timestamp="2023-03-25T23:52:46 WET" skipped="0">
  <testcase classname="MahmoudLearning.tests.SubmitOrderTest" name="orderHistoryTest" time="3.968"/>
  <system-out/>
  <testcase classname="MahmoudLearning.tests.SubmitOrderTest" name="submitOrder" time="7.575"/>
  <system-out/>
  <testcase classname="MahmoudLearning.tests.SubmitOrderTest" name="submitOrder" time="8.551"/>
  <system-out/>
</testsuite> <!-- MahmoudLearning.tests.SubmitOrderTest -->
